Change Component Designator: Old Designator=C_dvdt? New Designator=C_dvdt7
Change Component Designator: Old Designator=C_dvdt? New Designator=C_dvdt8
Change Component Designator: Old Designator=C_dvdt? New Designator=C_dvdt9
Change Component Designator: Old Designator=C_in? New Designator=C_in7
Change Component Designator: Old Designator=C_in? New Designator=C_in8
Change Component Designator: Old Designator=C_in? New Designator=C_in9
Change Component Designator: Old Designator=C_out? New Designator=C_out7
Change Component Designator: Old Designator=C_out? New Designator=C_out8
Change Component Designator: Old Designator=C_out? New Designator=C_out9
Change Component Designator: Old Designator=CN? New Designator=CN9
Change Component Designator: Old Designator=CN? New Designator=CN10
Change Component Designator: Old Designator=CN? New Designator=CN11
Change Component Designator: Old Designator=CN? New Designator=CN12
Change Component Designator: Old Designator=D? New Designator=D42
Change Component Designator: Old Designator=D? New Designator=D44
Change Component Designator: Old Designator=D? New Designator=D45
Change Component Designator: Old Designator=D? New Designator=D46
Change Component Designator: Old Designator=D? New Designator=D47
Change Component Designator: Old Designator=D? New Designator=D48
Change Component Designator: Old Designator=D? New Designator=D49
Change Component Designator: Old Designator=D? New Designator=D50
Change Component Designator: Old Designator=D? New Designator=D51
Change Component Designator: Old Designator=D? New Designator=D52
Change Component Designator: Old Designator=D?? New Designator=D43
Change Component Designator: Old Designator=DZ? New Designator=DZ8
Change Component Designator: Old Designator=DZ? New Designator=DZ9
Change Component Designator: Old Designator=DZ? New Designator=DZ10
Change Component Designator: Old Designator=R? New Designator=R97
Change Component Designator: Old Designator=R? New Designator=R98
Change Component Designator: Old Designator=R? New Designator=R99
Change Component Designator: Old Designator=R? New Designator=R100
Change Component Designator: Old Designator=R? New Designator=R101
Change Component Designator: Old Designator=R? New Designator=R102
Change Component Designator: Old Designator=R? New Designator=R103
Change Component Designator: Old Designator=R? New Designator=R104
Change Component Designator: Old Designator=R? New Designator=R105
Change Component Designator: Old Designator=R? New Designator=R106
Change Component Designator: Old Designator=R? New Designator=R107
Change Component Designator: Old Designator=R? New Designator=R108
Change Component Designator: Old Designator=R? New Designator=R109
Change Component Designator: Old Designator=R? New Designator=R110
Change Component Designator: Old Designator=R? New Designator=R111
Change Component Designator: Old Designator=R? New Designator=R112
Change Component Designator: Old Designator=R? New Designator=R113
Change Component Designator: Old Designator=R? New Designator=R121
Change Component Designator: Old Designator=R? New Designator=R122
Change Component Designator: Old Designator=R? New Designator=R123
Change Component Designator: Old Designator=U? New Designator=U26
Change Component Designator: Old Designator=U? New Designator=U27
Change Component Designator: Old Designator=U? New Designator=U28
