Change Component Designator: Old Designator=C_dvdt? New Designator=C_dvdt10
Change Component Designator: Old Designator=C_dvdt? New Designator=C_dvdt11
Change Component Designator: Old Designator=C_dvdt? New Designator=C_dvdt12
Change Component Designator: Old Designator=C_in? New Designator=C_in10
Change Component Designator: Old Designator=C_in? New Designator=C_in11
Change Component Designator: Old Designator=C_in? New Designator=C_in12
Change Component Designator: Old Designator=C_out? New Designator=C_out10
Change Component Designator: Old Designator=C_out? New Designator=C_out11
Change Component Designator: Old Designator=C_out? New Designator=C_out12
Change Component Designator: Old Designator=CN? New Designator=CN13
Change Component Designator: Old Designator=CN? New Designator=CN14
Change Component Designator: Old Designator=CN? New Designator=CN15
Change Component Designator: Old Designator=CN? New Designator=CN16
Change Component Designator: Old Designator=D? New Designator=D53
Change Component Designator: Old Designator=D? New Designator=D55
Change Component Designator: Old Designator=D? New Designator=D56
Change Component Designator: Old Designator=D? New Designator=D57
Change Component Designator: Old Designator=D? New Designator=D58
Change Component Designator: Old Designator=D? New Designator=D59
Change Component Designator: Old Designator=D? New Designator=D60
Change Component Designator: Old Designator=D? New Designator=D61
Change Component Designator: Old Designator=D? New Designator=D62
Change Component Designator: Old Designator=D? New Designator=D63
Change Component Designator: Old Designator=D?? New Designator=D54
Change Component Designator: Old Designator=DZ? New Designator=DZ11
Change Component Designator: Old Designator=DZ? New Designator=DZ12
Change Component Designator: Old Designator=DZ? New Designator=DZ13
Change Component Designator: Old Designator=R? New Designator=R124
Change Component Designator: Old Designator=R? New Designator=R125
Change Component Designator: Old Designator=R? New Designator=R126
Change Component Designator: Old Designator=R? New Designator=R127
Change Component Designator: Old Designator=R? New Designator=R128
Change Component Designator: Old Designator=R? New Designator=R129
Change Component Designator: Old Designator=R? New Designator=R130
Change Component Designator: Old Designator=R? New Designator=R131
Change Component Designator: Old Designator=R? New Designator=R132
Change Component Designator: Old Designator=R? New Designator=R133
Change Component Designator: Old Designator=R? New Designator=R134
Change Component Designator: Old Designator=R? New Designator=R135
Change Component Designator: Old Designator=R? New Designator=R136
Change Component Designator: Old Designator=R? New Designator=R137
Change Component Designator: Old Designator=R? New Designator=R138
Change Component Designator: Old Designator=R? New Designator=R139
Change Component Designator: Old Designator=R? New Designator=R140
Change Component Designator: Old Designator=R? New Designator=R141
Change Component Designator: Old Designator=R? New Designator=R142
Change Component Designator: Old Designator=R? New Designator=R143
Change Component Designator: Old Designator=U? New Designator=U29
Change Component Designator: Old Designator=U? New Designator=U30
Change Component Designator: Old Designator=U? New Designator=U31
